s441 ## Maggie Simpson in The Longest Daycare ## Movie ## NaN ## [NaN] ## United States ## May 29, 2020 ## 2012 ## PG ## 5 min ## [Animation, Comedy] ##
s745 ## Disney Den Brother ## Movie ## Mark Taylor ## [Hutch Dano, G. Hannelius, Maurice Godin, David Lambert, Kelsy Chow, Debra Mooney] ## United States ## November 12, 2019 ## 2010 ## TV-G ## 90 min ## [Comedy, Coming of Age] ##
s330 ## Coop & Cami Ask The World ## TV Show ## NaN ## [Ruby Turner, Dakota Lotus, Olivia Sanabia, Albert Tsai, Paxton Booth, Rebecca Metz] ## United States ## September 18, 2020 ## 2018 ## TV-G ## 2 Seasons ## [Comedy, Family, Kids] ##
s383 ## Surviving the Mount St. Helens Disaster ## Movie ## Sophie Harris ## [Bill Ratner] ## United Kingdom ## July 31, 2020 ## 2020 ## TV-PG ## 44 min ## [Animals & Nature, Documentary] ##
s153 ## Adventures in Wonderland ## TV Show ## NaN ## [Patrick Richwood, Reece Holland, John Robert Hoffman, Wesley Mann, Harry Waters Jr., John Lovelady] ##  ## April 30, 2021 ## 1996 ## TV-G ## 1 Season ## [Fantasy, Musical] ##
s1018 ## Monsters, Inc. ## Movie ## Pete Docter ## [John Goodman, Billy Crystal, Mary Gibbs, Steve Buscemi, James Coburn, Jennifer Tilly] ## United States ## November 12, 2019 ## 2001 ## G ## 93 min ## [Animation, Buddy, Comedy] ##
s490 ## Maggie Simpson in Playdate with Destiny ## Movie ## David Silverman ## [NaN] ## United States ## April 10, 2020 ## 2020 ## G ## 5 min ## [Animation, Comedy] ##
s1351 ## Z-O-M-B-I-E-S ## Movie ## Paul Hoen ## [Milo Manheim, Meg Donnelly, Trevor Tordjman, Kylee Russell, Carla Jeffery, Kingston Foster] ## United States ## November 12, 2019 ## 2018 ## TV-G ## 97 min ## [Coming of Age, Musical, Science Fiction] ##
s217 ## The Muppet Show ## TV Show ## NaN ## [Jim Henson, Frank Oz, Dave Goelz, Richard Hunt, Eren Ozker, John Lovelady] ## United States, United Kingdom ## February 19, 2021 ## 1976 ## TV-PG ## 5 Seasons ## [Comedy, Family, Variety] ##
s1122 ## Skyrunners ## Movie ## Ralph Hemecker ## [Kelly Blatz, Joey Pollari, Conrad Coates, Jacqueline Wood, Nathan Stephenson, Kerry Laifatt] ## United States ## November 12, 2019 ## 2009 ## TV-PG ## 93 min ## [Action-Adventure, Science Fiction] ##
s285 ## Home Alone 2: Lost in New York ## Movie ## Chris Columbus ## [Macaulay Culkin, Joe Pesci, Daniel Stern, John Heard, Devin Ratray, Catherine O'Hara] ## United States ## November 13, 2020 ## 1992 ## PG ## 121 min ## [Comedy, Family] ##
s759 ## Disney Lab Rats: Elite Force ## TV Show ## NaN ## [William Brent, Bradley Perry, Jake Short, Paris Berelc, Kelli Berglund] ## United States ## November 12, 2019 ## 2015 ## TV-Y7 ## 1 Season ## [Action-Adventure, Comedy, Coming of Age] ##
s891 ## Into the Grand Canyon ## Movie ## Pete McBride ## [NaN] ## United States ## November 12, 2019 ## 2019 ## TV-PG ## 82 min ## [Action-Adventure, Animals & Nature, Documentary] ##
s987 ## Marvel's Hero Project ## TV Show ## NaN ## [NaN] ## United States ## November 12, 2019 ## 2019 ## TV-PG ## 1 Season ## [Docuseries, Family] ##
s635 ## 101 Dalmatians ## Movie ## Wolfgang Reitherman, Hamilton Luske, Clyde Geronimi ## [Rod Taylor, J. Pat O'Malley, Betty Gerson, Cate Bauer, Ben Wright, Fred Worlock] ## United States ## November 12, 2019 ## 1961 ## G ## 81 min ## [Action-Adventure, Animation, Family] ##
s1289 ## Three Little Pigs ## Movie ## Burt Gillett ## [Billy Bletcher, Pinto Colvig, Dorothy Compton, Mary Moder] ## United States ## November 12, 2019 ## 1933 ## TV-Y7 ## 9 min ## [Animation, Family, Kids] ##
s1061 ## Pixar In Real Life ## TV Show ## NaN ## [NaN] ## United States ## November 12, 2019 ## 2019 ## TV-G ## 1 Season ## [Anthology, Comedy, Family] ##
s37 ## Life Below Zero: Next Generation ## TV Show ## NaN ## [Mocean Melvin] ## United States ## August 25, 2021 ## 2020 ## TV-14 ## 2 Seasons ## [Action-Adventure, Animals & Nature, Docuseries] ##
s1201 ## The Flood ## Movie ## Brad Bestelink ## [Angela Bassett] ## United States ## November 12, 2019 ## 2018 ## TV-PG ## 93 min ## [Animals & Nature, Documentary] ##
s1241 ## The Olympic Champ ## Movie ## Jack Kinney ## [NaN] ## United States ## November 12, 2019 ## 1942 ## TV-G ## 7 min ## [Animation, Comedy, Family] ##
s1083 ## Recess: School's Out ## Movie ## Chuck Sheetz ## [Rickey Collins, Jason Davis, Ashely Johnson, Andy Lawrence, Courtland Mead, Pam Segall] ## United States, Japan ## November 12, 2019 ## 2001 ## G ## 87 min ## [Animation, Comedy, Family] ##
s1195 ## The Chronicles of Narnia: The Lion, the Witch and the Wardrobe ## Movie ## Andrew Adamson ## [Georgie Henley, Skandar Keynes, William Moseley, Anna Popplewell, Tilda Swinton, James McAvoy] ## United Kingdom, United States ## November 12, 2019 ## 2005 ## PG ## 147 min ## [Action-Adventure, Family, Fantasy] ##
s532 ## Stargirl ## Movie ## Julia Hart ## [Grace VanderWaal, Graham Verchere, Giancarlo Esposito, Karan Brar, Darby Stanchfield, Maximiliano Hernandez] ## United States ## March 13, 2020 ## 2020 ## PG ## 107 min ## [Coming of Age, Drama, Musical] ##
s1043 ## Paris To Pittsburgh ## Movie ## Sidney Beaumont, Michael Bonfiglio ## [Rachel Brosnahan] ## United States ## November 12, 2019 ## 2018 ## TV-PG ## 77 min ## [Documentary] ##
s220 ## Rodgers & Hammerstein's Cinderella ## Movie ## Robert Iscove ## [Brandy Norwood, Whitney Houston, Bernadette Peters, Paolo Montalbán, Whoopi Goldberg, Victor Garber] ##  ## February 12, 2021 ## 1997 ## G ## 86 min ## [Comedy, Family, Fantasy] ##
s580 ## Cars Toon: Tokyo Mater ## Movie ## John Lasseter ## [Larry the Cable Guy , Keith Ferguson, Michael Wallis, Mach Kobayashi, Robert Ito] ## United States ## January 1, 2020 ## 2008 ## G ## 8 min ## [Animation, Comedy, Family] ##
s912 ## Jungle Cat ## Movie ## James Algar ## [Winston Hibler] ## United States ## November 12, 2019 ## 1960 ## TV-PG ## 70 min ## [Animals & Nature, Documentary, Family] ##
s948 ## Lilo & Stitch 2: Stitch Has a Glitch ## Movie ## Tony Leondis, Michael LaBash ## [Christopher Sanders, Dakota Fanning, Tia Carrere, David Stiers, Kevin McDonald, Kunewa Mook] ## United States ## November 12, 2019 ## 2005 ## PG ## 70 min ## [Animation, Comedy, Dance] ##
s279 ## Planes ## Movie ## Klay Hall ## [Dane Cook, Stacy Keach, Brad Garrett, Teri Hatcher, Julia Louis-Dreyfus, Priyanka Chopra] ## United States ## November 20, 2020 ## 2013 ## PG ## 94 min ## [Action-Adventure, Animation, Comedy] ##
s468 ## Love & Vets ## TV Show ## NaN ## [Mallory Kasdan] ## United States ## May 1, 2020 ## 2017 ## TV-PG ## 1 Season ## [Animals & Nature, Docuseries, Family] ##
s671 ## Beauty and the Beast: The Enchanted Christmas ## Movie ## Andy Knight ## [Paige O'Hara, Robby Benson, Jerry Orbach, David Stiers, Bernadette Peters, Tim Curry] ## Canada, United States ## November 12, 2019 ## 1997 ## G ## 73 min ## [Animation, Family, Fantasy] ##
s641 ## A Goofy Movie ## Movie ## Kevin Lima ## [Bill Farmer, Jason Marsden, Jim Cummings, Kellie Martin, Rob Paulsen, Wallace Shawn] ## United States, Australia, France, Canada ## November 12, 2019 ## 1995 ## G ## 81 min ## [Action-Adventure, Animation, Comedy] ##
s32 ## Disney Princess Remixed - An Ultimate Princess Celebration ## Movie ## Napoleon Dumo ## [Txunamy Oriz, Natalie Peyser, Dara Reneé, Frankie Rodriguez, Julia Lester, Ruth Righi] ##  ## August 27, 2021 ## 2021 ## TV-G ## 22 min ## [Family, Music, Variety] ##
s732 ## Darkwing Duck ## TV Show ## NaN ## [Jim Cummings, Christine Cavanaugh, Terry McGovern, Frank Welker] ## United States ## November 12, 2019 ## 1991 ## TV-Y7 ## 2 Seasons ## [Action-Adventure, Animation, Kids] ##
s681 ## Boat Builders ## Movie ## Ben Sharpsteen ## [NaN] ## United States ## November 12, 2019 ## 1938 ## TV-G ## 8 min ## [Animation, Comedy, Family] ##
s132 ## The Little Prince(ss) ## Movie ## Moxie Peng ## [Kalo Moss, Ching Yin Ryan Hu, Evan Lai, Brian Yang, Lynn Chen, Danni Wang] ##  ## May 28, 2021 ## 2021 ## PG ## 19 min ## [Drama] ##
s995 ## Melody Time ## Movie ## Clyde Geronimi, Jack Kinney, Hamilton Luske ## [Roy Rogers, Trigger , Dennis Day, The Andrews Sisters , Fred Waring and His Pennsylvanians , Freddy Martin] ## United States ## November 12, 2019 ## 1948 ## TV-PG ## 76 min ## [Animation, Anthology, Family] ##
s1099 ## Ruby Bridges ## Movie ## Euzhan Palcy ## [Penelope Miller, Kevin Pollak, Michael Beach, Jean Kelly, Peter James, Patrika Darbo] ## United States ## November 12, 2019 ## 1998 ## TV-PG ## 90 min ## [Biographical, Drama, Historical] ##
s531 ## Frozen 2 ## Movie ## Chris Buck, Jennifer Lee ## [Kristen Bell, Idina Menzel, Josh Gad, Jonathan Groff, Sterling Brown, Evan Wood] ## United States ## March 14, 2020 ## 2019 ## PG ## 107 min ## [Action-Adventure, Animation, Family] ##
s176 ## Higglytown Heroes ## TV Show ## NaN ## [Frankie Ryan Manriquez, Taylor Masamitsu, Liliana Mumy, Rory Thost, Edie McClurg] ## United States, South Korea ## April 2, 2021 ## 2004 ## TV-Y ## 2 Seasons ## [Animation, Kids, Musical] ##
s533 ## The Finest Hours ## Movie ## Craig Gillespie ## [Chris Pine, Casey Affleck, Ben Foster, Holliday Grainger, John Ortiz, Kyle Gallner] ## United States ## March 6, 2020 ## 2016 ## PG-13 ## 119 min ## [Action-Adventure, Disaster, Drama] ##
s319 ## Secrets Of The Zoo: Down Under ## TV Show ## NaN ## [Naomi Watts] ##  ## October 2, 2020 ## 2020 ## TV-14 ## 1 Season ## [Animals & Nature, Docuseries, Family] ##
s1188 ## The Brave Little Toaster Goes to Mars ## Movie ## Robert Ramirez ## [Deanna Oliver, Tim Stack, Roger Kabler, Thurl Ravenscroft, Eric Lloyd, Farrah Fawcett] ## United States ## November 12, 2019 ## 1998 ## TV-G ## 73 min ## [Action-Adventure, Animation, Kids] ##
s614 ## One Day at Disney ## Movie ## Fritz Mitchell ## [NaN] ## United States ## December 3, 2019 ## 2019 ## TV-PG ## 62 min ## [Documentary, Family] ##
s67 ## Shark vs. Whale ## Movie ## NaN ## [Ted Stewart] ##  ## July 23, 2021 ## 2020 ## TV-PG ## 44 min ## [Animals & Nature, Documentary] ##
s121 ## Red Tails ## Movie ## Anthony Hemingway ## [Terrence Howard, Cuba Gooding Jr., Nate Parker, David Oyelowo, Tristan Wilds, Ne-Yo] ## United States ## June 4, 2021 ## 2012 ## PG-13 ## 126 min ## [Action-Adventure, Drama, Historical] ##
s370 ## Animal Showdown ## TV Show ## NaN ## [Brian Peck] ##  ## July 31, 2020 ## 2018 ## TV-G ## 1 Season ## [Animals & Nature, Docuseries, Family] ##
s594 ## Marvel Rising: Battle of The Bands ## Movie ## NaN ## [Dee Baker, Dove Cameron, Skai Jackson, Kathreen Khavari, Kamil McFadden, Tyler Posey] ## United States ## January 1, 2020 ## 2019 ## TV-Y7 ## 23 min ## [Action-Adventure, Animation, Superhero] ##
s932 ## LEGO Star Wars: The Freemaker Adventures ## TV Show ## NaN ## [Matt Sloan, Trevor Devall, Greg Baldwin, Michael Daingerfield, Vanessa Lengies, Grey Griffin] ## United States ## November 12, 2019 ## 2015 ## TV-Y7 ## 2 Seasons ## [Action-Adventure, Animation, Comedy] ##
s620 ## Marvel Rising: Chasing Ghosts ## Movie ## NaN ## [Dee Baker, Chloe Bennet, Dove Cameron, Skai Jackson, Kathreen Khavari, Kamil McFadden] ## United States ## December 1, 2019 ## 2019 ## TV-Y7-FV ## 24 min ## [Action-Adventure, Animation, Superhero] ##
s1211 ## The Haunted Mansion ## Movie ## Rob Minkoff ## [Eddie Murphy, Terence Stamp, Nathaniel Parker, Marsha Thomason, Jennifer Tilly, Wallace Shawn] ## United States ## November 12, 2019 ## 2003 ## PG ## 89 min ## [Comedy, Family, Fantasy] ##
s1153 ## Super Buddies ## Movie ## Robert Vince ## [Jeremy Shinder, Tenzing Trainor, Ty Panitz, G. Hannelius, Cooper Roth, Colin Hanks] ## United States ## November 12, 2019 ## 2013 ## G ## 83 min ## [Action-Adventure, Comedy, Family] ##
s850 ## Great Migrations ## TV Show ## NaN ## [Alec Baldwin] ## United States ## November 12, 2019 ## 2010 ## TV-PG ## 1 Season ## [Animals & Nature, Docuseries, Survival] ##
s382 ## Muppets Now ## TV Show ## NaN ## [Dave Goelz, Matt Vogel, David Rudman, Peter Linz, Bill Barretta, Eric Jacobson] ## United States ## July 31, 2020 ## 2020 ## TV-PG ## 1 Season ## [Comedy, Family, Lifestyle] ##
s162 ## Earth Moods ## TV Show ## NaN ## [NaN] ##  ## April 16, 2021 ## 2021 ## TV-G ## 1 Season ## [Animals & Nature, Anthology] ##
s130 ## Let's Be Tigers ## Movie ## Stephanie Abel Horowitz ## [Otmara Marrero, Dash McCloud, Greg Worswick, Mike Millan] ##  ## May 28, 2021 ## 2021 ## PG ## 15 min ## [Drama] ##
s826 ## Frankenweenie (Short) ## Movie ## Tim Burton ## [Shelley Duvall, Daniel Stern, Barret Oliver] ## United States ## November 12, 2019 ## 1984 ## PG ## 27 min ## [Drama, Parody, Science Fiction] ##
s724 ## College Road Trip ## Movie ## Roger Kumble ## [Martin Lawrence, Raven-Symoné , Donny Osmond, Brenda Song, Will Sasso, Eshaya Draper] ## United States ## November 12, 2019 ## 2008 ## G ## 84 min ## [Comedy, Coming of Age, Family] ##
s1280 ## The Ultimate Christmas Present ## Movie ## Greg Beeman ## [Hallee Hirsh, Spencer Breslin, Hallie Todd, Brenda Song, John Salley, Susan Ruttan] ## Canada, United States ## November 12, 2019 ## 2000 ## TV-G ## 81 min ## [Comedy, Coming of Age, Fantasy] ##
s1108 ## Sea of Hope: America's Underwater Treasures ## Movie ## Robert Nixon ## [Max Kennedy] ## United States ## November 12, 2019 ## 2017 ## TV-PG ## 47 min ## [Action-Adventure, Animals & Nature, Documentary] ##
s66 ## Shark vs. Surfer ## Movie ## Phil Stebbing ## [Billy Lloyd] ##  ## July 23, 2021 ## 2020 ## TV-14 ## 44 min ## [Animals & Nature, Documentary] ##
s1332 ## Who Framed Roger Rabbit ## Movie ## Robert Zemeckis ## [Bob Hoskins, Christopher Lloyd, Stubby Kaye, Joanna Cassidy, Alan Tilvern, Richard LeParmentier] ## United States ## November 12, 2019 ## 1988 ## PG ## 104 min ## [Action-Adventure, Animation, Comedy] ##
s536 ## Marvel Studios' Black Panther ## Movie ## Ryan Coogler ## [Chadwick Boseman, Michael Jordan, Lupita Nyong'o, Danai Gurira, Martin Freeman, Daniel Kaluuya] ## United States ## March 4, 2020 ## 2018 ## PG-13 ## 137 min ## [Action-Adventure, Science Fiction, Superhero] ##
s947 ## Lilo & Stitch ## Movie ## Christopher Sanders, Dean DeBlois ## [Daveigh Chase, Christopher Sanders, Tia Carrere, David Ogden Stiers, Kevin McDonald, Ving Rhames] ## United States ## November 12, 2019 ## 2002 ## TV-PG ## 86 min ## [Action-Adventure, Animation, Family] ##
s46 ## Disney Presents Goofy in How to Stay at Home ## TV Show ## NaN ## [Bill Farmer, Corey Burton] ##  ## August 11, 2021 ## 2021 ## TV-G ## 1 Season ## [Animation, Comedy, Family] ##
s22 ## Mira, Royal Detective ## TV Show ## NaN ## [Leela Ladnier, Utkarsh Ambudkar, Roshni Edwards, Kal Penn, Kamran Lucas] ## United States ## September 8, 2021 ## 2020 ## TV-Y ## 2 Seasons ## [Animation, Fantasy, Kids] ##
s1248 ## The Princess and the Frog ## Movie ## John Musker, Ron Clements ## [Anika Rose, Bruno Campos, Keith David, Michael-Leon Wooley, Jennifer Cody, Jim Cummings] ## United States ## November 12, 2019 ## 2009 ## G ## 99 min ## [Animation, Comedy, Family] ##
s313 ## Oil Spill of The Century ## Movie ## NaN ## [Loïck Peyron] ##  ## October 9, 2020 ## 2019 ## TV-PG ## 45 min ## [Documentary, Historical] ##
s980 ## Marvel Ultimate Spider-Man ## TV Show ## NaN ## [Drake Bell, Chi McBride, Steven Weber, J.K. Simmons, Tom Kenny, Clark Gregg] ## United States ## November 12, 2019 ## 2011 ## TV-Y7 ## 4 Seasons ## [Action-Adventure, Animation, Fantasy] ##
s404 ## Diary of a Wimpy Kid: Rodrick Rules ## Movie ## David Bowers ## [Zachary Gordon, Devon Bostick, Rachael Harris, Robert Capron, Steve Zahn] ## United States ## July 3, 2020 ## 2011 ## PG ## 100 min ## [Comedy, Family] ##
s348 ## Mars: One Day on the Red Planet ## Movie ## Martin Johnson ## [Nigel Barber] ## United States ## August 21, 2020 ## 2020 ## TV-PG ## 88 min ## [Documentary] ##
s998 ## Mickey Mouse Club (1955-59) ## TV Show ## NaN ## [NaN] ## United States ## November 12, 2019 ## 1955 ## TV-PG ## 1 Season ## [Family, Variety] ##
s755 ## Disney Jake and the Never Land Pirates ## TV Show ## NaN ## [Madison Pettis, Colin Ford, Jonathan Heit, David Arquette, Corey Burton] ## United States ## November 12, 2019 ## 2010 ## TV-Y ## 4 Seasons ## [Action-Adventure, Animation, Fantasy] ##
s68 ## Stuntman ## Movie ## Kurt Mattila ## [Eddie Braun] ##  ## July 23, 2021 ## 2021 ## TV-14 ## 87 min ## [Documentary] ##
s1222 ## The Lion King 1 1/2 ## Movie ## Bradley Raymond ## [Nathan Lane, Ernie Sabella, Julie Kavner, Jerry Stiller, Matthew Broderick, Robert Guillaume] ## Australia, United States ## November 12, 2019 ## 2004 ## G ## 80 min ## [Action-Adventure, Animation, Comedy] ##
s705 ## Cars 3 ## Movie ## Brian Fee ## [Owen Wilson, Cristela Alonzo, Chris Cooper, Nathan Fillion, Larry the Cable Guy , Armie Hammer] ## United States ## November 12, 2019 ## 2017 ## G ## 103 min ## [Animation, Comedy, Family] ##
s621 ## Marvel Rising: Heart of Iron ## Movie ## NaN ## [Dee Baker, Chloe Bennet, Dove Cameron, Robbie Daymond, Kathreen Khavari, Daisy Lightfoot] ## United States ## December 1, 2019 ## 2019 ## TV-Y7 ## 46 min ## [Action-Adventure, Animation, Coming of Age] ##
s752 ## Disney Girl vs. Monster ## Movie ## Stuart Gillard ## [Olivia Holt, Kerris Dorsey, Brendan Meyer, Katherine McNamara, Adam Chambers, Tracy Dawson] ## United States, Canada ## November 12, 2019 ## 2012 ## TV-PG ## 90 min ## [Action-Adventure, Comedy, Fantasy] ##
s1221 ## The Legend of Mor'du ## Movie ## Brian Larsen ## [Julie Walters, Steve Purcell, Callum O'Neill] ## United States ## November 12, 2019 ## 2012 ## TV-G ## 8 min ## [Animation, Family, Fantasy] ##
s481 ## Tangled: The Series ## TV Show ## NaN ## [Zachary Levi, Mandy Moore, Eden Espinosa, Clancy Brown] ## United States ## April 23, 2020 ## 2016 ## TV-Y7 ## 3 Seasons ## [Action-Adventure, Animation, Comedy] ##
s231 ## Isle of Dogs ## Movie ## Wes Anderson ## [Bryan Cranston, Koyu Rankin, Edward Norton, Bob Balaban, Jeff Goldblum, Bill Murray] ## United States, Germany, United Kingdom ## January 15, 2021 ## 2018 ## PG-13 ## 102 min ## [Action-Adventure, Animation, Comedy] ##
s769 ## Disney's Doug ## TV Show ## NaN ## [Connie Shulman, Doug Preis, Alice Playten, Chris Phillips, Fred Newman, Thomas McHugh] ## United States ## November 12, 2019 ## 1996 ## TV-Y7 ## 3 Seasons ## [Animation, Comedy, Coming of Age] ##
s1169 ## The Adventures of Huck Finn ## Movie ## Stephen Sommers ## [Elijah Wood, Courtney Vance, Robbie Coltrane, Jason Robards, Ron Perlman, Dana Ivey] ## United States ## November 12, 2019 ## 1993 ## PG ## 108 min ## [Action-Adventure, Coming of Age, Drama] ##
s135 ## Fury Files ## TV Show ## NaN ## [Chi McBride] ##  ## May 21, 2021 ## 2013 ## TV-Y7 ## 1 Season ## [Animation] ##
s662 ## Avatar ## Movie ## James Cameron ## [Sam Worthington, Zoë Saldana, Sigourney Weaver, Stephen Lang, Michelle Rodriguez, Giovanni Ribisi] ## United States ## November 12, 2019 ## 2009 ## PG-13 ## 162 min ## [Action-Adventure, Science Fiction] ##
s899 ## Jack-Jack Attack ## Movie ## Brad Bird ## [Bret Parker, Bud Luckey, Eli Fucile, Jason Lee] ## United States ## November 12, 2019 ## 2005 ## G ## 6 min ## [Animation, Comedy, Family] ##
s466 ## In Beaver Valley ## Movie ## James Algar ## [Winston Hibler] ## United States ## May 1, 2020 ## 1950 ## TV-PG ## 32 min ## [Animals & Nature, Documentary, Family] ##
s287 ## Inside Pixar ## TV Show ## NaN ## [NaN] ## United States ## November 13, 2020 ## 2020 ## TV-PG ## 1 Season ## [Docuseries, Family] ##
s1358 ## Blackbeard's Ghost ## Movie ## Robert Stevenson ## [Peter Ustinov, Dean Jones, Suzanne Pleshette, Elsa Lanchester, Joby Baker, Elliott Reid] ## United States ## October 1, 2019 ## 1968 ## G ## 107 min ## [Comedy, Family, Fantasy] ##
s239 ## Big Sharks Rule ## Movie ## NaN ## [Lance Lewman] ##  ## January 1, 2021 ## 2018 ## TV-14 ## 45 min ## [Animals & Nature, Documentary] ##
s85 ## Flicka ## Movie ## Michael Mayer ## [Alison Lohman, Tim McGraw, Maria Bello, Ryan Kwanten, Danny Pino, Dallas Roberts] ## United States, United Kingdom ## July 9, 2021 ## 2006 ## PG ## 95 min ## [Animals & Nature, Coming of Age, Drama] ##
s389 ## Wild Sri Lanka ## TV Show ## NaN ## [Paul McGann] ## United Kingdom ## July 24, 2020 ## 2016 ## TV-PG ## 1 Season ## [Animals & Nature, Docuseries] ##
s1165 ## That Darn Cat! ## Movie ## Robert Stevenson ## [Hayley Mills, Dean Jones, Dorothy Provine, Roddy McDowall, Neville Brand, Elsa Lanchester] ## United States ## November 12, 2019 ## 1965 ## G ## 116 min ## [Animals & Nature, Comedy, Family] ##
s272 ## From Our Family to Yours ## Movie ## Angela Affinita ## [NaN] ## United Kingdom ## November 27, 2020 ## 2020 ## TV-G ## 3 min ## [Animation, Family] ##
s608 ## Forky Asks a Question: What is a Computer? ## Movie ## Bob Peterson ## [Tony Hale, Kristen Schaal, James Brinkley, Bob Peterson] ## United States ## December 13, 2019 ## 2019 ## TV-G ## 6 min ## [Animation, Comedy, Family] ##
s1001 ## Mickey's Christmas Carol ## Movie ## Burny Mattinson ## [Alan Young, Wayne Allwine, Hal Smith, Will Ryan, Eddy Carroll, Patricia Parris] ## United States ## November 12, 2019 ## 1983 ## G ## 26 min ## [Animation, Comedy, Family] ##
s1334 ## Willow ## Movie ## Ron Howard ## [Val Kilmer, Joanne Whalley, Warwick Davis, Patricia Hayes, Gavan O'Herlihy, Phil Fondacaro] ## United States ## November 12, 2019 ## 1987 ## PG ## 127 min ## [Action-Adventure, Family, Fantasy] ##
s233 ## WandaVision ## TV Show ## NaN ## [Elizabeth Olsen, Paul Bettany, Teyonah Parris, Kathryn Hahn, Randall Park, Kat Dennings] ## United States ## January 15, 2021 ## 2021 ## TV-14 ## 1 Season ## [Drama, Fantasy, Mystery] ##
s880 ## How to Build a Better Boy ## Movie ## Paul Hoen ## [Ashley Argota, Roger Bart, Kelli Berglund, Noah Centineo, China McClain, Matt Shively] ## United States ## November 12, 2019 ## 2014 ## TV-G ## 94 min ## [Action-Adventure, Comedy, Science Fiction] ##
s1101 ## Saludos Amigos ## Movie ## Bill Roberts, Jack Kinney, Ham Luske ## [Fred Shields] ## United States ## November 12, 2019 ## 1943 ## TV-PG ## 42 min ## [Animation, Comedy, Family] ##
s1137 ## Star Wars Rebels (Shorts) ## TV Show ## NaN ## [NaN] ##  ## November 12, 2019 ## 2014 ## TV-Y7 ## 1 Season ## [Action-Adventure, Animation, Kids] ##
s1250 ## The Princess Diaries 2: Royal Engagement ## Movie ## Garry Marshall ## [Anne Hathaway, Heather Matarazzo, John Rhys-Davies, Chris Pine, Callum Blue, Kathleen Marshall] ## United States ## November 12, 2019 ## 2004 ## G ## 114 min ## [Comedy, Family, Romance] ##
s808 ## Even Stevens ## TV Show ## NaN ## [Shia LaBeouf, Christy Romano, Nick Spano, Tom Virtue, Donna Pescow] ## United States ## November 12, 2019 ## 2000 ## TV-PG ## 3 Seasons ## [Comedy, Coming of Age, Kids] ##
s225 ## Wicked Tuna: Outer Banks ## TV Show ## NaN ## [Bill Ratner] ##  ## February 5, 2021 ## 2013 ## TV-14 ## 7 Seasons ## [Animals & Nature, Docuseries, Family] ##
s1102 ## Sammy, The Way-Out Seal ## Movie ## Norman Tokar ## [Jack Carson, Robert Culp, Patricia Barry, Elisabeth Fraser, Michael McGreevey, Billy Mummy] ## United States ## November 12, 2019 ## 1962 ## TV-G ## 43 min ## [Animals & Nature, Comedy, Family] ##
s228 ## Pixar Popcorn ## TV Show ## NaN ## [Ellen DeGeneres, Craig T. Nelson, Holly Hunter, Keegan-Michael Key, Jordan Peele] ## United States ## January 22, 2021 ## 2021 ## TV-PG ## 1 Season ## [Animation, Anthology, Family] ##
s707 ## Cars Toon: Heavy Metal Mater ## Movie ## John Lasseter ## [Larry the Cable Guy , Keith Ferguson] ## United States ## November 12, 2019 ## 2010 ## TV-G ## 5 min ## [Animation, Comedy, Family] ##
s994 ## Meet the Robinsons ## Movie ## Stephen Anderson ## [Angela Bassett, Daniel Hansen, Jordan Fry, Matthew Josten, John Ford, Dara McGarry] ## United States ## November 12, 2019 ## 2007 ## G ## 97 min ## [Action-Adventure, Animation, Family] ##
s718 ## Chip an' Dale ## Movie ## Jack Hannah ## [NaN] ## United States ## November 12, 2019 ## 1947 ## TV-G ## 7 min ## [Animation, Comedy, Family] ##
s1145 ## Star Wars: The Phantom Menace (Episode I) ## Movie ## George Lucas ## [Liam Neeson, Ewan McGregor, Natalie Portman, Jake Lloyd, Pernilla August, Frank Oz] ## United States ## November 12, 2019 ## 1999 ## PG ## 136 min ## [Action-Adventure, Science Fiction] ##
s141 ## Special Agent Oso ## TV Show ## NaN ## [Sean Astin, Meghan Strange, Gary Anthony Williams, Amber Hood, Cam Clarke, Phill Lewis] ## United States, United Kingdom, South Korea ## May 14, 2021 ## 2009 ## TV-Y ## 2 Seasons ## [Action-Adventure, Animation, Kids] ##
s585 ## Drain The Bermuda Triangle ## Movie ## Jobim Sampson ## [Russell Boulter] ## United States ## January 1, 2020 ## 2014 ## TV-PG ## 45 min ## [Documentary] ##
s1090 ## Return to Oz ## Movie ## Walter Murch ## [Nicol Williamson, Jean Marsh, Piper Laurie, Matt Clark, Fairuza Balk, Michael Sundin] ## United Kingdom, United States ## November 12, 2019 ## 1985 ## PG ## 110 min ## [Action-Adventure, Family, Fantasy] ##
s520 ## Frankenweenie ## Movie ## Tim Burton ## [Catherine O'Hara, Martin Short, Martin Landau, Charlie Tahan, Atticus Shaffer, Winona Ryder] ## United States ## April 1, 2020 ## 2012 ## PG ## 88 min ## [Animation, Drama, Parody] ##
s896 ## Iron Man Armored Adventures ## TV Show ## NaN ## [Adrian Petriw, Daniel Bacon, Anna Cummer, Mackenzie Gray, Vincent Tong] ## Canada, United States, United Kingdom, France, Luxembourg ## November 12, 2019 ## 2008 ## TV-G ## 2 Seasons ## [Action-Adventure, Animation, Coming of Age] ##
s741 ## Disney Adventures in Babysitting ## Movie ## John Schultz ## [Sabrina Carpenter, Sofia Carson, Nikki Hahn, Mallory Mahoney, Max Gecowets, Jet Jurgensmeyer] ## United States ## November 12, 2019 ## 2016 ## TV-G ## 95 min ## [Action-Adventure, Comedy, Coming of Age] ##
s970 ## Marvel Studios' Captain Marvel ## Movie ## Anna Boden, Ryan Fleck ## [Brie Larson, Samuel Jackson, Ben Mendelsohn, Djimon Hounsou, Lee Pace, Lashana Lynch] ## United States, Australia ## November 12, 2019 ## 2019 ## PG-13 ## 126 min ## [Action-Adventure, Science Fiction, Superhero] ##
s355 ## Magic Camp ## Movie ## Mark Waters ## [Adam DeVine, Gillian Jacobs, Nathaniel McIntyre, Jeffrey Tambor, Cole Sand, Isabella Crovetti] ## United States ## August 14, 2020 ## 2020 ## PG ## 101 min ## [Comedy, Family] ##
s855 ## Halloweentown II: Kalabar's Revenge ## Movie ## Mary Lambert ## [Kimberly Brown, Judith Hoag, Daniel Kountz, Joseph Zimmerman, Emily Roeske, Phillip Van Dyke] ## United States ## November 12, 2019 ## 2001 ## TV-PG ## 81 min ## [Action-Adventure, Fantasy] ##
s554 ## Descendants 3 ## Movie ## Kenny Ortega ## [Dove Cameron, Cameron Boyce, Sofia Carson, Booboo Stewart, Mitchell Hope, Sarah Jefferey] ## United States ## February 2, 2020 ## 2019 ## TV-G ## 109 min ## [Coming of Age, Fantasy, Musical] ##
s743 ## Disney Bad Hair Day ## Movie ## Érik Canuel ## [Laura Marano, Leigh-Allyn Baker, Christian Campbell, Alain Goulem, Christian Paul, Kiana Madeira] ## Canada ## November 12, 2019 ## 2015 ## TV-G ## 93 min ## [Buddy, Comedy, Coming of Age] ##
s274 ## Party Animals ## TV Show ## NaN ## [NaN] ##  ## November 27, 2020 ## 2016 ## TV-G ## 1 Season ## [Animals & Nature, Kids, Music] ##
s651 ## Almost Angels ## Movie ## Steve Previn ## [Vincent Winter, Sean Scully, Peter Weck, Hans Holt, Bruni Löbel, Fritz Eckhardt] ## United States ## November 12, 2019 ## 1962 ## TV-PG ## 90 min ## [Coming of Age, Drama, Family] ##
s253 ## Into the Woods ## Movie ## Rob Marshall ## [Meryl Streep, Emily Blunt, James Corden, Anna Kendrick, Chris Pine, Tracey Ullman] ## United States ## December 18, 2020 ## 2014 ## PG ## 126 min ## [Action-Adventure, Fantasy, Musical] ##
s1270 ## The Suite Life of Zack & Cody ## TV Show ## NaN ## [Cole Sprouse, Dylan Sprouse, Brenda Song, Ashley Tisdale, Phill Lewis, Kim Rhodes] ## United States ## November 12, 2019 ## 2004 ## TV-G ## 3 Seasons ## [Action-Adventure, Comedy, Coming of Age] ##
s1343 ## World's Greatest Dogs ## Movie ## NaN ## [Mike Secher] ## United States ## November 12, 2019 ## 2015 ## TV-PG ## 44 min ## [Animals & Nature, Documentary, Family] ##
s936 ## LEGO Star Wars: The New Yoda Chronicles – Duel of the Skywalkers ## Movie ## Michael Hegner ## [Tom Kane, Anthony Daniels, Matt Sloan, Trevor Devall, Kirby Morrow, Sam Vincent] ## United States ## November 12, 2019 ## 2014 ## TV-Y7 ## 24 min ## [Action-Adventure, Animation, Comedy] ##
s154 ## Disney My Music Story SUKIMASWITCH ## Movie ## Kentaro Takayanagi ## [Takuya Ohashi, Shintaro Tokita] ##  ## April 30, 2021 ## 2020 ## TV-PG ## 81 min ## [Biographical, Documentary, Music] ##
s1028 ## My Friends Tigger & Pooh ## TV Show ## NaN ## [Jim Cummings] ## United States ## November 12, 2019 ## 2006 ## TV-Y ## 2 Seasons ## [Animation, Kids] ##
s284 ## Home Alone ## Movie ## Chris Columbus ## [Macaulay Culkin, Joe Pesci, Daniel Stern, John Heard, Roberts Blossom, Catherine O'Hara] ## United States ## November 13, 2020 ## 1990 ## PG ## 103 min ## [Comedy, Family] ##
s1258 ## The Santa Clause 2 ## Movie ## Michael Lembeck ## [Tim Allen, Judge Reinhold, Wendy Crewson, Elizabeth Mitchell, David Krumholtz, Eric Lloyd] ## United States, Canada ## November 12, 2019 ## 2002 ## G ## 106 min ## [Comedy, Family, Fantasy] ##
s63 ## Turning the Tables with Robin Roberts ## TV Show ## NaN ## [Robin Roberts] ##  ## July 28, 2021 ## 2021 ## TV-PG ## 1 Season ## [Talk Show] ##
s1158 ## Tangled Before Ever After ## Movie ## Tom Caulfield, Stephen Sandoval ## [Zachary Levi, Mandy Moore, Eden Espinosa, Clancy Brown, Julie Bowen, Laura Benanti] ## United States ## November 12, 2019 ## 2017 ## TV-Y7 ## 58 min ## [Animation, Coming of Age, Fantasy] ##
s86 ## Miraculous World: Shanghai, The Legend of Ladydragon ## Movie ## Thomas Astruc ## [Cristina 'Vee Valenzuela, Bryce Papenbrook, Keith Silverstein, Carrie Keranen, Todd Haberkorn, Max Mittelman] ##  ## July 9, 2021 ## 2021 ## TV-Y7-FV ## 54 min ## [Animation, Fantasy] ##
s15 ## Miraculous: Tales Of Ladybug & Cat Noir ## TV Show ## NaN ## [Cristina Vee, Bryce Papenbrook, Keith Silverstein, Mela Lee, Max Mittelman, Carrie Keranen] ## France, South Korea, Japan, United States ## September 15, 2021 ## 2015 ## TV-Y7 ## 1 Season ## [Action-Adventure, Animation, Fantasy] ##
s903 ## Jingle Pols ## Movie ## NaN ## [Dr. Pol] ##  ## November 12, 2019 ## 2013 ## TV-14 ## 45 min ## [Animals & Nature, Documentary, Medical] ##
s1316 ## Tron ## Movie ## Steven Lisberger ## [Jeff Bridges, Bruce Boxleitner, David Warner, Cindy Morgan, Barnard Hughes, Dan Shor] ## United States ## November 12, 2019 ## 1982 ## PG ## 96 min ## [Action-Adventure, Family, Science Fiction] ##
s605 ## High School Musical: The Musical: The Series: The Special ## Movie ## Clayton Cogswell ## [Joshua Bassett, Olivia Rodrigo, Sofia Wylie, Matt Cornett, Dara Renee] ## United States ## December 20, 2019 ## 2019 ## TV-G ## 23 min ## [Coming of Age, Documentary, Drama] ##
s337 ## Soy Luna ## TV Show ## NaN ## [Karol Sevilla, Ruggero Pasquarelli, Valentina Zenere, Lucila Gandolfo, Michael Ronda, Carolina Kopelioff] ## Argentina, Mexico ## September 18, 2020 ## 2015 ## TV-G ## 3 Seasons ## [Comedy, Coming of Age, Drama] ##
s1274 ## The Three Caballeros ## Movie ## Norman Ferguson, Clyde Geronimi, Jack Kinney ## [Aurora Miranda, Carmen Molina, Sterling Holloway, Clarence Nash, Joaquin Garay, Jose Oliveira] ## United States ## November 12, 2019 ## 1945 ## G ## 72 min ## [Animation, Family, Musical] ##
s933 ## LEGO Star Wars: The Freemaker Adventures (Shorts) ## TV Show ## NaN ## [NaN] ##  ## November 12, 2019 ## 2016 ## TV-Y7 ## 1 Season ## [Action-Adventure, Animation, Comedy] ##
s62 ## Minnie's Bow-Toons: Party Palace Pals ## TV Show ## NaN ## [Tress MacNeille, Nika Futterman, Kaitlyn Robrock] ##  ## July 28, 2021 ## 2021 ## TV-Y7 ## 1 Season ## [Animation, Kids] ##
s129 ## Kingdom of the Polar Bears ## TV Show ## NaN ## [Dennis Compayre] ##  ## May 28, 2021 ## 2021 ## TV-PG ## 1 Season ## [Animals & Nature, Docuseries] ##
s1308 ## Toy Story Toons: Partysaurus Rex ## Movie ## Mark Walsh ## [Tom Hanks, Tim Allen, Wallace Shawn, Corey Burton, Tony Cox, Don Fullilove] ## United States ## November 12, 2019 ## 2012 ## G ## 9 min ## [Animation, Comedy, Family] ##
s1186 ## The Book of Once Upon a Time ## TV Show ## NaN ## [Kate Mulvany] ##  ## November 12, 2019 ## 2014 ## TV-Y ## 4 Seasons ## [Animation, Anthology, Kids] ##
s1216 ## The Incredible Journey ## Movie ## Fletcher Markle ## [Émile Genest, John Drainie, Tommy Tweed, Sandra Scott, Syme Jago, Marion Finlayson] ## Canada, United States ## November 12, 2019 ## 1963 ## G ## 80 min ## [Action-Adventure, Animals & Nature, Family] ##
s817 ## First Kid ## Movie ## David Evans ## [Sinbad , Robert Guillaume, Timothy Busfield, Brock Pierce, James Naughton, Art Fleur] ## United States ## November 12, 2019 ## 1996 ## PG ## 102 min ## [Buddy, Comedy, Coming of Age] ##
s489 ## Disney Playtime with Puppy Dog Pals (Shorts) ## TV Show ## NaN ## [NaN] ##  ## April 10, 2020 ## 2017 ## TV-Y ## 2 Seasons ## [Animation, Kids] ##
s649 ## Aliens of the Deep ## Movie ## James Cameron, Steven Quale ## [Dr. Anatoly Sagalevitch, Genya Chernaiev, Victor Nischeta, Dr. Pamela Conrad, Dr. Arthur Lane, Dr. Jim Childress] ## United States ## November 12, 2019 ## 2005 ## G ## 100 min ## [Action-Adventure, Animals & Nature, Documentary] ##
s1290 ## Three Little Wolves ## Movie ## Dave Hand ## [NaN] ## United States ## November 12, 2019 ## 1936 ## TV-Y7 ## 9 min ## [Animation, Family] ##
s1127 ## Snowball Express ## Movie ## Norman Tokar ## [Dean Jones, Nancy Olson, Harry Morgan, Keenan Wynn, Johnny Whitaker, Michael McGreevy] ## United States ## November 12, 2019 ## 1972 ## G ## 94 min ## [Comedy, Family, Sports] ##
s700 ## Can of Worms ## Movie ## Paul Schneider ## [Michael Shulman, Erika Christensen, Adam Wylie, Andrew Ducote, Lee Garlington, Brighton Hertford] ## United States, Canada ## November 12, 2019 ## 1999 ## TV-PG ## 84 min ## [Comedy, Coming of Age, Science Fiction] ##
s138 ## Schoolhouse Rock! ## TV Show ## NaN ## [Bob Dorough, Jack Sheldon, Lynn Ahrens, Grady Tate, Blossom Dearie, Essra Mohawk] ## United States ## May 17, 2021 ## 1973 ## TV-G ## 6 Seasons ## [Animals & Nature, Animation, Kids] ##
s714 ## Cheetah ## Movie ## Jeff Blyth ## [Keith Coogan, Lucy Deakins, Timothy Landfield, Breon Gorman, Collin Mothupi, Ka Vundla] ## United States ## November 12, 2019 ## 1989 ## G ## 84 min ## [Action-Adventure, Animals & Nature, Family] ##
s438 ## The Greeks ## TV Show ## NaN ## [Toby Moore] ## United States ## June 5, 2020 ## 2016 ## TV-PG ## 1 Season ## [Docuseries, Historical] ##
s10 ## Flooded Tombs of the Nile ## Movie ## Katie Bauer Murdock ## [Devin E. Haqq] ##  ## September 17, 2021 ## 2021 ## TV-PG ## 44 min ## [Documentary] ##
s876 ## Horse Sense ## Movie ## Greg Beeman ## [Joey Lawrence, Andy Lawrence, Susan Walters, M.C. Gainey, Leann Hunley, Robin Thomas] ## United States ## November 12, 2019 ## 1999 ## TV-G ## 92 min ## [Coming of Age, Drama] ##
s1155 ## TaleSpin ## TV Show ## NaN ## [Charlie Adler, Jim Cummings, Ed Gilbert, Chuck McCann, Alan Roberts, Sally Struthers] ## United States ## November 12, 2019 ## 1990 ## TV-G ## 1 Season ## [Action-Adventure, Animation, Kids] ##
s806 ## Encore! ## TV Show ## NaN ## [Kristen Bell, Roger Love, Susan Egan, Ali Stroker, Stephen Schwartz] ## United States ## November 12, 2019 ## 2019 ## TV-14 ## 1 Season ## [Music, Reality] ##
s815 ## Finding Dory ## Movie ## Andrew Stanton, Angus MacLane ## [Ellen DeGeneres, Albert Brooks, Ed O'Neill, Kaitlin Olson, Hayden Rolence, Ty Burrell] ## United States ## November 12, 2019 ## 2016 ## PG ## 98 min ## [Action-Adventure, Animation, Comedy] ##
s269 ## The Nutcracker and the Four Realms ## Movie ## Lasse Hallström, Joe Johnston ## [Keira Knightley, Mackenzie Foy, Eugenio Derbez, Jayden Fowora-Knight, Matthew Macfadyen, Richard Grant] ## United States ## December 4, 2020 ## 2018 ## PG ## 101 min ## [Action-Adventure, Family, Fantasy] ##
s1150 ## Stonehenge Decoded: Secrets Revealed ## Movie ## Christopher Spencer ## [Craig Sechler] ## United Kingdom ## November 12, 2019 ## 2008 ## TV-PG ## 44 min ## [Documentary] ##
s795 ## DuckTales The Movie: Treasure of the Lost Lamp ## Movie ## Bob Hathcock ## [Alan Young, Terence McGovern, Russi Taylor, Richard Libertini, Christopher Lloyd, June Foray] ## France, United States ## November 12, 2019 ## 1990 ## G ## 75 min ## [Action-Adventure, Animation, Comedy] ##
s1071 ## Pooh's Grand Adventure: The Search for Christopher Robin ## Movie ## Karl Geurs ## [Jim Cummings, John Fiedler, Ken Sansom, Andre Stojka, Peter Cullen, Brady Bluhm] ## United States ## November 12, 2019 ## 1997 ## TV-G ## 78 min ## [Action-Adventure, Animation, Kids] ##
s1033 ## Now You See It ## Movie ## Duwayne Dunham ## [Alyson Michalka, Johnny Pacar, Frank Langella, Brendan Hill, Chris Olivero, Gabriel Sunday] ## United States ## November 12, 2019 ## 2005 ## TV-G ## 89 min ## [Coming of Age, Fantasy] ##
s147 ## Maggie Simpson in The Force Awakens from its Nap ## Movie ## David Silverman ## [NaN] ##  ## May 4, 2021 ## 2021 ## TV-PG ## 4 min ## [Animation, Comedy, Parody] ##
s183 ## Star Wars Vintage: Clone Wars 2D Micro-Series ## TV Show ## NaN ## [Mat Lucas, James Arnold Taylor, Tom Kane, Grey DeLisle, Corey Burton, André Sogliuzzo] ##  ## April 2, 2021 ## 2021 ## TV-Y7-FV ## 1 Season ## [Series] ##
s750 ## Disney Family Sundays ## TV Show ## NaN ## [NaN] ## United States ## November 12, 2019 ## 2019 ## TV-G ## 1 Season ## [Anthology, Family, Lifestyle] ##
s296 ## Disney Channel Halloween House Party ## Movie ## Trevor Moore ## [Tobie Windham, Raphael Alejandro, Suzi Barrett, Isaac Ryan Brown, Kylie Cantrall, Scarlett Estevez] ## United States ## October 30, 2020 ## 2020 ## TV-G ## 23 min ## [Comedy, Variety] ##
s1139 ## Star Wars: Attack of the Clones (Episode II) ## Movie ## George Lucas ## [Ewan McGregor, Natalie Portman, Hayden Christensen, Frank Oz, Ian McDiarmid, Pernilla August] ## United States ## November 12, 2019 ## 2002 ## PG ## 143 min ## [Action-Adventure, Science Fiction] ##
s291 ## Fancy Nancy (Shorts) ## TV Show ## NaN ## [Mia Sinclair Jenness, Dana Heath, Spencer Moss, Alyson Hannigan] ##  ## November 6, 2020 ## 2019 ## TV-Y ## 1 Season ## [Animation, Kids] ##
s128 ## Growing Fangs ## Movie ## Ann Marie Pace ## [Keyla Monterroso Mejia, Cristela Alonzo, Grace Song, Olivia Sullivent, Gilberto Ortiz, Sean Burgos] ##  ## May 28, 2021 ## 2021 ## TV-PG ## 20 min ## [Coming of Age, Fantasy] ##
s1255 ## The Rescuers Down Under ## Movie ## Hendel Butoy, Mike Gabriel ## [Bob Newhart, Eva Gabor, John Candy, Tristan Rogers, Adam Ryen, Wayne Robson] ## United States ## November 12, 2019 ## 1990 ## G ## 78 min ## [Action-Adventure, Animation, Family] ##
s1320 ## Twas the Night ## Movie ## Nick Castle ## [Bryan Cranston, Josh Zuckerman, Jefferson Mappin, Brenda Grate, Rhys Williams, Barclay Hope] ## United States ## November 12, 2019 ## 2001 ## TV-G ## 87 min ## [Comedy, Crime, Fantasy] ##
s1029 ## National Treasure: Book of Secrets ## Movie ## Jon Turteltaub ## [Nicolas Cage, Jon Voight, Harvey Keitel, Ed Harris, Diane Kruger, Justin Bartha] ## United States ## November 12, 2019 ## 2007 ## PG ## 125 min ## [Action-Adventure, Mystery, Thriller] ##
s251 ## Dory's Reef Cam ## Movie ## Michal Makarewicz ## [NaN] ## United States ## December 18, 2020 ## 2020 ## TV-G ## 182 min ## [Animation, Family] ##
s656 ## Annie ## Movie ## Rob Marshall ## [Kathy Bates, Alan Cumming, Audra McDonald, Kristin Chenoweth, Victor Garber, Vic Polizos] ## United States ## November 12, 2019 ## 1999 ## TV-PG ## 91 min ## [Drama, Family, Musical] ##
s715 ## Chef Donald ## Movie ## Jack King ## [NaN] ## United States ## November 12, 2019 ## 1941 ## TV-G ## 8 min ## [Animation, Comedy, Family] ##
s832 ## Fun and Fancy Free ## Movie ## Jack Kinney, W. Roberts, Hamilton Luske ## [Edgar Bergen, Dinah Shore, Luana Patten, Clarence Nash, Mickey Mouse, Cliff Edwards] ## United States ## November 12, 2019 ## 1947 ## G ## 74 min ## [Action-Adventure, Animation, Comedy] ##
s414 ## Mars and Beyond ## Movie ## Ward Kimball ## [Walt Disney, Paul Frees, Dr. Ernst Stuhlinger, Dr. Wernher von Braun, Dr. E.C. Slipher] ## United States ## June 26, 2020 ## 1957 ## TV-G ## 53 min ## [Animation, Documentary, Family] ##
s1119 ## Simpsons Movie ## Movie ## David Silverman ## [Dan Castellaneta, Julie Kavner, Nancy Cartwright, Yeardley Smith, Harry Shearer, Hank Azaria] ## United States ## November 12, 2019 ## 2007 ## PG-13 ## 88 min ## [Action-Adventure, Animation, Comedy] ##
s483 ## Brain Games ## TV Show ## NaN ## [Neil Harris] ## United States ## April 17, 2020 ## 2011 ## TV-G ## 8 Seasons ## [Docuseries, Family, Game Show / Competition] ##
s882 ## How to Swim ## Movie ## Jack Kinney ## [NaN] ## United States ## November 12, 2019 ## 1942 ## TV-G ## 8 min ## [Animation, Family, Parody] ##
s906 ## Jonas Brothers: The Concert Experience ## Movie ## Bruce Hendricks ## [Kevin Jonas, Joe Jonas, Nick Jonas, Demi Lovato, Taylor Swift, Big Feggans] ## United States ## November 12, 2019 ## 2009 ## G ## 89 min ## [Concert Film, Documentary, Music] ##
s275 ## Port Protection Alaska ## TV Show ## NaN ## [Gary Muehlberger, Mary Miller, Curly Leach, Sam Carlson, Stuart Andrews, David Squibb] ## United States ## November 27, 2020 ## 2015 ## TV-14 ## 1 Season ## [Docuseries, Reality, Survival] ##
s538 ## Disney Phineas and Ferb: Phineas and Ferb Star Wars ## Movie ## NaN ## [Vincent Martella, Ashley Tisdale, Thomas Brodie-Sangster, Caroline Rhea, Richard O'Brien, Dan Povenmire] ## United States ## February 28, 2020 ## 2014 ## TV-G ## 53 min ## [Action-Adventure, Animation, Musical] ##
s674 ## Benji the Hunted ## Movie ## Joe Camp ## [Red Steagall, Frank Inn, Nancy Francis, Mike Francis, Joe Camp, Steve Zanolini] ## United States ## November 12, 2019 ## 1987 ## G ## 89 min ## [Action-Adventure, Animals & Nature, Family] ##
s257 ## Disney Channel's Epic Holiday Showdown ## Movie ## NaN ## [NaN] ## United States ## December 11, 2020 ## 2020 ## TV-G ## 50 min ## [Fantasy, Variety] ##
s860 ## Hatching Pete ## Movie ## Stuart Gillard ## [Jason Dolley, Mitchel Musso, Tiffany Thornton, Josie Loren, Sean O'Bryan, Amy Farrington] ## United States ## November 12, 2019 ## 2009 ## TV-G ## 90 min ## [Comedy, Coming of Age] ##
s869 ## High School Musical 3: Senior Year ## Movie ## Kenny Ortega ## [Zac Efron, Vanessa Hudgens, Ashley Tisdale, Lucas Grabeel, Corbin Bleu, Monique Coleman] ## United States ## November 12, 2019 ## 2008 ## G ## 121 min ## [Coming of Age, Family, Musical] ##
s834 ## Gargoyles ## TV Show ## NaN ## [Thom Hernandez, Edward Asner, Jeff Bennett, Keith David, Bill Fagerbakke, Jonathan Frakes] ## United States ## November 12, 2019 ## 1994 ## TV-Y7 ## 3 Seasons ## [Action-Adventure, Animation, Fantasy] ##
s51 ## Killer Shark vs Killer Whale ## Movie ## NaN ## [Edward Marcoux] ##  ## August 6, 2021 ## 2021 ## TV-14 ## 44 min ## [Animals & Nature, Documentary] ##
s1082 ## Recess: All Growed Down ## Movie ## Howy Parkins, Chuck Sheetz ## [Rickey Collins, Jason Davis, Ashley Johnson, Myles Jeffrey, Andrew Lawrence, Ross Malinger] ## United States ## November 12, 2019 ## 2003 ## G ## 61 min ## [Animation, Comedy, Family] ##
s1026 ## Muppets Most Wanted ## Movie ## James Bobin ## [Ricky Gervais, Ty Burrell, Tina Fey, Steve Whitmire, Eric Jacobson, Dave Goelz] ## United States ## November 12, 2019 ## 2014 ## PG ## 111 min ## [Action-Adventure, Comedy, Family] ##
s480 ## The Olympic Elk ## Movie ## James Algar ## [Winston Hibler] ## United States ## April 24, 2020 ## 1952 ## TV-G ## 27 min ## [Animals & Nature, Documentary, Family] ##
s433 ## Chasing the Equinox ## Movie ## Kenny Scott ## [Stefan Frank] ##  ## June 5, 2020 ## 2019 ## TV-PG ## 45 min ## [Documentary] ##
s956 ## Mail Dog ## Movie ## Charles Nichols ## [NaN] ## United States ## November 12, 2019 ## 1947 ## TV-G ## 7 min ## [Animation, Comedy, Family] ##
s172 ## Mark Twain and Me ## Movie ## Daniel Petrie ## [Jason Robards, Talia Shire, R.H. Thomson, Fiona Reid, Chris Wiggins, Amy Stewart] ## Canada, United States ## April 9, 2021 ## 1991 ## TV-PG ## 93 min ## [Biographical, Coming of Age, Drama] ##
s155 ## DuckTales ## TV Show ## NaN ## [David Tennant, Danny Pudi, Ben Schwartz, Bobby Moynihan, Kate Micucci, Tony Anselmo] ## United States ## April 30, 2021 ## 2017 ## TV-Y7 ## 3 Seasons ## [Action-Adventure, Animation, Comedy] ##
s207 ## Mickey Go Local ## TV Show ## NaN ## [Azran Bin Ahmad, Rozita Binti Mohamed Hussain, Shamsir Bin Mohd Shahar, Suzana Binti Ahmad] ##  ## February 26, 2021 ## 2019 ## TV-G ## 1 Season ## [Animation, Comedy, Kids] ##
s942 ## Let it Shine ## Movie ## Paul Hoen ## [Tyler Williams, Coco Jones, Trevor Jackson, Brandon Smith, Dawnn Lewis, Alex Désert] ## United States ## November 12, 2019 ## 2012 ## TV-G ## 103 min ## [Coming of Age, Drama, Music] ##
s1203 ## The Fox and the Hound 2 ## Movie ## Jim Kammerud ## [Reba McEntire, Patrick Swayze, Jonah Bobo, Harrison Fahn, Jeff Foxworthy, Vicki Lawrence] ## United States ## November 12, 2019 ## 2006 ## G ## 73 min ## [Action-Adventure, Animation, Buddy] ##
s1254 ## The Rescuers ## Movie ## Wolfgang Reitherman, John Lounsbery, Art Stevens ## [Bob Newhart, Eva Gabor, Geraldine Page, Joe Flynn, Jeanette Nolan, Pat Buttram] ## United States ## November 12, 2019 ## 1977 ## G ## 78 min ## [Action-Adventure, Animation, Comedy] ##
s1136 ## Star Wars Rebels ## TV Show ## NaN ## [Taylor Gray, Vanessa Marshall, Freddie Prinze Jr., Tiya Sircar, Steve Blum, C1-10P a.k.a. Chopper] ## United States ## November 12, 2019 ## 2014 ## TV-Y7 ## 4 Seasons ## [Action-Adventure, Animation, Kids] ##
s289 ## Ultimate Viking Sword ## Movie ## Peter Yost ## [Jay Sanders] ##  ## November 13, 2020 ## 2019 ## TV-PG ## 45 min ## [Documentary, Historical] ##
s748 ## Disney DuckTales (Shorts) ## TV Show ## NaN ## [NaN] ##  ## November 12, 2019 ## 2016 ## TV-Y7 ## 1 Season ## [Action-Adventure, Animation, Comedy] ##
s298 ## The Sorcerer's Apprentice ## Movie ## Jon Turteltaub ## [Nicolas Cage, Jay Baruchel, Alfred Molina, Teresa Palmer, Monica Bellucci, Omar Miller] ## United States ## October 30, 2020 ## 2010 ## PG ## 111 min ## [Action-Adventure, Fantasy] ##
s524 ## The Odd Life of Timothy Green ## Movie ## Peter Hedges ## [Jennifer Garner, Joel Edgerton, Dianne Wiest, CJ Adams, Rosemarie DeWitt, Ron Livingston] ## United States ## April 1, 2020 ## 2012 ## PG ## 106 min ## [Drama, Family, Fantasy] ##
s478 ## Born Wild: The Next Generation ## Movie ## Liliana Olszewski ## [Robin Roberts] ## United States ## April 28, 2020 ## 2020 ## TV-PG ## 44 min ## [Animals & Nature, Documentary] ##
s107 ## Heartland Docs, DVM ## TV Show ## NaN ## [Dr. Erin Schroeder, Dr. Ben Schroeder] ## United States ## June 18, 2021 ## 2019 ## TV-14 ## 3 Seasons ## [Animals & Nature, Docuseries, Family] ##
s402 ## The Undefeated Presents: Hamilton In-Depth ## Movie ## NaN ## [Lin-Manuel Miranda, Thomas Kail, Renee Goldsberry, Leslie Odom Jr., Daveed Diggs, Phillipa Soo] ## United States ## July 5, 2020 ## 2020 ## TV-PG ## 33 min ## [Historical, Musical] ##
s1251 ## The Proud Family Movie ## Movie ## Bruce Smith ## [Tommy Davidson, Kyla Pratt, Paula Parker, Jo Payton, Orlando Brown, Soleil Frye] ## United States ## November 12, 2019 ## 2005 ## TV-G ## 95 min ## [Animation, Comedy, Family] ##
s1008 ## Mike's New Car ## Movie ## Pete Docter, Roger Gould ## [Billy Crystal, John Goodman] ## United States ## November 12, 2019 ## 2002 ## TV-G ## 5 min ## [Animation, Buddy, Comedy] ##
s450 ## Out ## Movie ## Steven Hunter ## [Bernadette Sullivan, Kyle McDaniel, Caleb Cabrera, Matthew Martin] ## United States ## May 22, 2020 ## 2020 ## PG ## 12 min ## [Animation, Family, Fantasy] ##
s1306 ## Toy Story 3 ## Movie ## Lee Unkrich ## [Tom Hanks, Tim Allen, Joan Cusack, Don Rickles, Wallace Shawn, John Ratzenberger] ## United States ## November 12, 2019 ## 2010 ## G ## 103 min ## [Animation, Comedy, Drama] ##
s803 ## Elena of Avalor (Shorts) ## TV Show ## NaN ## [Aimee Carrero, Jenna Ortega, Maximus Riegel, Gia Lopez, Desmond Gerber, Mick Wingert] ##  ## November 12, 2019 ## 2017 ## TV-Y ## 2 Seasons ## [Action-Adventure, Animation, Fantasy] ##
s1260 ## The Scream Team ## Movie ## Stuart Gillard ## [Mark Rendall, Kat Dennings, Robert Bockstael, Eric Idle, Tommy Davidson, Gary Reineke] ## United States ## November 12, 2019 ## 2002 ## TV-PG ## 88 min ## [Comedy, Fantasy] ##
s150 ## The Bad Batch ## TV Show ## NaN ## [Dee Bradley Baker] ##  ## May 4, 2021 ## 2021 ## TV-PG ## 1 Season ## [Action-Adventure, Animation, Science Fiction] ##
s148 ## Star Wars Biomes ## Movie ## NaN ## [NaN] ##  ## May 4, 2021 ## 2021 ## TV-G ## 18 min ## [Science Fiction] ##
s1292 ## Three Men and a Little Lady ## Movie ## Emile Ardolino ## [Tom Selleck, Steve Guttenberg, Ted Danson, Nancy Travis, Christopher Cazenove, Fiona Shaw] ## United States ## November 12, 2019 ## 1990 ## PG ## 104 min ## [Buddy, Comedy, Romance] ##
s1253 ## The Replacements ## TV Show ## NaN ## [Nancy Cartwright, Grey DeLisle, Kath Soucie, Daran Norris, David McCallum, Jeff Bennett] ## United States ## November 12, 2019 ## 2006 ## TV-G ## 1 Season ## [Animation, Comedy, Family] ##
s1235 ## The Muppet Christmas Carol ## Movie ## Brian Henson ## [Michael Caine, Steve Whitmire, Frank Oz, Dave Goelz, Jerry Nelson, David Rudman] ## United States, United Kingdom ## November 12, 2019 ## 1992 ## G ## 87 min ## [Comedy, Drama, Family] ##
s1296 ## Timon & Pumbaa ## TV Show ## NaN ## [Quinton Flynn, Ernie Sabella, Jim Cummings, Nathan Lane] ## United States ## November 12, 2019 ## 1995 ## TV-Y ## 3 Seasons ## [Animation, Buddy, Comedy] ##
s195 ## Mexico Untamed ## TV Show ## NaN ## [Juan Monsalvez] ##  ## March 19, 2021 ## 2018 ## TV-PG ## 1 Season ## [Animals & Nature, Docuseries] ##
s924 ## Lab Rats ## TV Show ## NaN ## [Billy Unger, Spencer Boldman, Kelli Berglund, Tyrel Williams, Hal Sparks] ## United States ## November 12, 2019 ## 2011 ## TV-Y7 ## 4 Seasons ## [Action-Adventure, Comedy, Coming of Age] ##
s630 ## Forky Asks a Question: What is Art? ## Movie ## Bob Peterson ## [Tony Hale, Robin Downes, Bob Peterson] ## United States ## November 22, 2019 ## 2019 ## TV-G ## 7 min ## [Animation, Comedy, Family] ##
s647 ## Aladdin: The Return of Jafar ## Movie ## Toby Shelton, Tad Stones, Alan Zaslove ## [Jason Alexander, Jeff Bennett, Val Bettin, Liz Callaway, Dan Castellaneta, Jim Cummings] ## United States ## November 12, 2019 ## 1994 ## G ## 71 min ## [Action-Adventure, Animation, Family] ##
s417 ## Tarzan II ## Movie ## Brian Smith ## [Harrison Chad, George Carlin, Brad Garrett, Ron Perlman, Estelle Harris, Glenn Close] ## United States ## June 26, 2020 ## 2005 ## G ## 75 min ## [Action-Adventure, Animation, Coming of Age] ##
s40 ## Growing Up Animal ## TV Show ## NaN ## [Tracee Ellis Ross] ##  ## August 18, 2021 ## 2021 ## TV-PG ## 1 Season ## [Animals & Nature, Docuseries, Family] ##
s299 ## X-Ray Earth ## TV Show ## NaN ## [NaN] ## United States ## October 30, 2020 ## 2020 ## TV-PG ## 1 Season ## [Animals & Nature, Docuseries, Reality] ##
s833 ## Fuzzbucket ## Movie ## Mick Garris ## [Chris Hebert, Phil Fondacaro, Joe Regalbuto, Wendy Phillips, Robyn Lively, John Vernon] ## United States ## November 12, 2019 ## 1986 ## TV-G ## 46 min ## [Buddy, Comedy, Coming of Age] ##
s992 ## Mater and the Ghostlight ## Movie ## John Lasseter ## [Larry the Cable Guy , Owen Wilson, Michael Wallis, Bonnie Hunt, Paul Newman, Cheech Marin] ## United States ## November 12, 2019 ## 2006 ## TV-Y7 ## 8 min ## [Animation, Comedy, Family] ##
s701 ## Candleshoe ## Movie ## Norman Tokar ## [David Niven, Helen Hayes, Jodie Foster, Leo McKern, Vivian Pickles, Veronica Quilligan] ## United Kingdom, United States ## November 12, 2019 ## 1978 ## G ## 101 min ## [Comedy, Coming of Age, Crime] ##
s446 ## Doc McStuffins ## TV Show ## NaN ## [Kiara Muhammad, Jaden Betts, Jess Harnell, Kimberly Brooks, Lara Miller, Loretta Devine] ## United States, Ireland ## May 22, 2020 ## 2011 ## TV-Y7 ## 5 Seasons ## [Animation, Kids, Medical] ##
s136 ## Ice Road Rescue ## TV Show ## NaN ## [David Wartnaby, Bjørn Lægreid, Thord Paulsen] ## United Kingdom ## May 21, 2021 ## 2015 ## TV-14 ## 5 Seasons ## [Docuseries, Reality, Survival] ##
s1133 ## Spider-Man Unlimited ## TV Show ## NaN ## [Rino Romano, Kathleen Barr, Jim Byrnes, Garry Chalk, Paul Dobson] ## United States, Canada ## November 12, 2019 ## 1999 ## TV-Y7 ## 1 Season ## [Action-Adventure, Animation, Kids] ##
s1277 ## The Tortoise and the Hare ## Movie ## Wilfred Jackson ## [NaN] ## United States ## November 12, 2019 ## 1935 ## TV-G ## 9 min ## [Animation, Family, Sports] ##
s301 ## India From Above ## TV Show ## NaN ## [Dev Patel] ##  ## October 23, 2020 ## 2019 ## TV-PG ## 1 Season ## [Docuseries, Reality] ##
s331 ## Europe from Above ## TV Show ## NaN ## [Julian Barratt] ## United Kingdom ## September 18, 2020 ## 2019 ## TV-G ## 1 Season ## [Docuseries, Reality] ##
s847 ## Gotta Kick it Up ## Movie ## Ramon Menendez ## [Camille Guaty, America Ferrera, Jhoanna Flores, Suilma Rodriguez, Sabrina Wiener, Miguel Sandoval] ## United States ## November 12, 2019 ## 2002 ## TV-G ## 85 min ## [Coming of Age, Dance, Drama] ##
s918 ## Kingdom of the Blue Whale ## Movie ## NaN ## [Tom Selleck] ## United States ## November 12, 2019 ## 2009 ## TV-PG ## 94 min ## [Animals & Nature, Documentary, Family] ##
s1231 ## The Love Bug (1969) ## Movie ## Robert Stevenson ## [Dean Jones, Michele Lee, David Tomlinson, Buddy Hackett, Joe Flynn, Benson Fong] ## United States ## November 12, 2019 ## 1969 ## G ## 108 min ## [Action-Adventure, Comedy, Family] ##
s1329 ## Wendy Wu: Homecoming Warrior ## Movie ## John Laing ## [Brenda Song, Shin Koyamada, Susan Chuang, Justin Chon, Michael Cheng, Andy Fischer-Price] ## United States ## November 12, 2019 ## 2006 ## TV-PG ## 91 min ## [Action-Adventure, Coming of Age, Fantasy] ##
s104 ## Wolfgang ## Movie ## David Gelb ## [Wolfgang Puck] ##  ## June 25, 2021 ## 2021 ## TV-PG ## 80 min ## [Biographical, Documentary] ##
s90 ## Shark Gangs ## Movie ## Jacob Cobi Benattia, Pete Berg, James Buchanan ## [NaN] ##  ## July 9, 2021 ## 2021 ## TV-14 ## 44 min ## [Animals & Nature, Documentary] ##
s1006 ## Mickey's Twice Upon a Christmas ## Movie ## Matthew O'Callaghan ## [Wayne Allwine, Tony Anselmo, Jeff Bennett, Jim Cummings, Bill Farmer, Tress MacNeille] ## United States ## November 12, 2019 ## 2004 ## G ## 70 min ## [Animation, Anthology, Comedy] ##
s1178 ## The Avengers: United They Stand ## TV Show ## NaN ## [Martin Roach, Rod Wilson, Lenore Zann, Ron Rubin, Hamish McEwan, Lynda Ballantyne] ## France, Canada, United States ## November 12, 2019 ## 1999 ## TV-Y7 ## 1 Season ## [Action-Adventure, Animation, Kids] ##
s1294 ## Tiger Cruise ## Movie ## Duwayne Dunham ## [Hayden Panettiere, Troy Evans, Bianca Collins, Nathaniel Lee Jr., Nathaniel Lee, Mercedes Colon] ## United States ## November 12, 2019 ## 2004 ## TV-PG ## 88 min ## [Drama, Family] ##
s371 ## Best Job Ever ## TV Show ## NaN ## [NaN] ##  ## July 31, 2020 ## 2018 ## TV-G ## 1 Season ## [Animals & Nature, Docuseries, Family] ##
s1287 ## Three Blind Mouseketeers ## Movie ## Dave Hand ## [Pinto Colvig, Billy Bletcher] ## United States ## November 12, 2019 ## 1936 ## TV-Y7 ## 9 min ## [Animation, Family, Parody] ##
s1163 ## Teen Spirit ## Movie ## Gil Junger ## [Cassie Scerbo, Lindsey Shaw, Chris Zylka, Tim Gunn, Carissa Capobianco, Gabriela Lopez] ## United States ## November 12, 2019 ## 2011 ## TV-14 ## 82 min ## [Buddy, Comedy, Coming of Age] ##
s666 ## Bambi II ## Movie ## Brian Pimental ## [Patrick Stewart, Alexander Gould, Keith Ferguson, Brendon Baerg, Nicky Jones, Andrea Bowen] ## United States ## November 12, 2019 ## 2006 ## G ## 75 min ## [Animation, Drama, Kids] ##
s366 ## Star Wars: Galaxy's Edge-Adventure Awaits ## Movie ## NaN ## [Neil Harris, Kaley Cuoco, Oscar Isaac, Sarah Hyland, Keegan-Michael Key, Jay Leno] ## United States ## August 7, 2020 ## 2019 ## TV-PG ## 81 min ## [Documentary, Family] ##
s123 ## X-Men Origins: Wolverine ## Movie ## Gavin Hood ## [Hugh Jackman, Liev Schreiber, Danny Huston, will.i.am , Lynn Collins, Kevin Durand] ## United States, United Kingdom ## June 4, 2021 ## 2009 ## PG-13 ## 108 min ## [Action-Adventure, Family, Science Fiction] ##
s977 ## Marvel Studios' The Avengers ## Movie ## Joss Whedon ## [Robert Downey Jr., Chris Evans, Mark Ruffalo, Chris Hemsworth, Scarlett Johansson, Jeremy Renner] ## United States ## November 12, 2019 ## 2012 ## PG-13 ## 145 min ## [Action-Adventure, Fantasy, Science Fiction] ##
s746 ## Disney Descendants ## Movie ## Kenny Ortega ## [Dove Cameron, Cameron Boyce, Booboo Stewart, Sofia Carson, Mitchell Hope, Melanie Paxson] ## United States ## November 12, 2019 ## 2015 ## TV-G ## 114 min ## [Coming of Age, Fantasy, Musical] ##
s445 ## Disney Vampirina ## TV Show ## NaN ## [Isabella Crovetti, Lauren Graham, James Van Der Beek, Jordan Davis, Wanda Sykes, Mitchell Whitfield] ## Ireland, United States ## May 22, 2020 ## 2017 ## TV-Y7 ## 2 Seasons ## [Animation, Fantasy, Kids] ##
s682 ## Bolt ## Movie ## Chris Williams, Byron Howard ## [John Travolta, Miley Cyrus, Susie Essman, Mark Walton, Malcolm McDowell, James Lipton] ## United States ## November 12, 2019 ## 2008 ## PG ## 98 min ## [Action-Adventure, Animation, Comedy] ##
s332 ## Ever After: A Cinderella Story ## Movie ## Andy Tennant ## [Drew Barrymore, Anjelica Huston, Dougray Scott, Patrick Godfrey, Megan Dodds, Melanie Lynskey] ## United States ## September 18, 2020 ## 1998 ## PG-13 ## 122 min ## [Drama, Romance] ##
s92 ## When Sharks Attack ## TV Show ## NaN ## [Eric Meyers] ## United States ## July 9, 2021 ## 2013 ## TV-14 ## 7 Seasons ## [Reality] ##
s1200 ## The Even Stevens Movie ## Movie ## Sean McNamara ## [Shia LaBeouf, Christy Romano, Tom Virtue, Nick Spano, Steven Lawrence, A.J. Trauth] ## United States ## November 12, 2019 ## 2003 ## TV-G ## 94 min ## [Action-Adventure, Comedy] ##
s1097 ## Rogue One: A Star Wars Story ## Movie ## Gareth Edwards ## [Felicity Jones, Diego Luna, Ben Mendelsohn, Donnie Yen, Mads Mikkelsen, Alan Tudyk] ## United States ## November 12, 2019 ## 2016 ## PG-13 ## 134 min ## [Action-Adventure, Science Fiction] ##
s603 ## Forky Asks a Question: What is a Leader? ## Movie ## Bob Peterson ## [Tony Hale, Bonnie Hunt, Bob Peterson] ## United States ## December 20, 2019 ## 2019 ## TV-G ## 6 min ## [Animation, Comedy, Family] ##
s498 ## Don's Fountain of Youth ## Movie ## Jack Hannah ## [NaN] ## United States ## April 3, 2020 ## 1953 ## TV-G ## 6 min ## [Animation, Family] ##
s223 ## Expedition Everest ## Movie ## Katie Bauer Murdock ## [Tate Donovan] ## United States ## February 5, 2021 ## 2020 ## TV-PG ## 45 min ## [Animals & Nature, Documentary] ##
s78 ## Shark Attack Files ## TV Show ## NaN ## [NaN] ##  ## July 16, 2021 ## 2021 ## TV-14 ## 1 Season ## [Reality] ##
s943 ## Life is Ruff ## Movie ## Charles Haid ## [Kyle Massey, Kay Panabaker, Mitchel Musso, Carter Jenkins, Mark Lawrence, Judith Moreland] ## United States ## November 12, 2019 ## 2005 ## TV-G ## 85 min ## [Animals & Nature, Comedy, Coming of Age] ##
s901 ## Jane ## Movie ## Brett Morgen ## [Jane Goodall] ## United States ## November 12, 2019 ## 2017 ## PG ## 90 min ## [Animals & Nature, Biographical, Documentary] ##
s295 ## Prep & Landing: Naughty vs. Nice ## Movie ## Kevin Deters, Stevie Wermers-Skelton ## [Dave Foley, Derek Richardson, Sarah Chalke, Rob Riggle, Chris Parnell, W. Sheppard] ## United States ## November 6, 2020 ## 2011 ## TV-G ## 23 min ## [Animation, Family, Fantasy] ##
s216 ## The Book of Life ## Movie ## Jorge R. Gutiérrez ## [Diego Luna, Zoe Saldana, Channing Tatum, Ron Perlman, Christina Applegate, Ice Cube] ##  ## February 19, 2021 ## 2014 ## PG ## 101 min ## [Action-Adventure, Animation, Comedy] ##
s110 ## Puppy Dog Pals ## TV Show ## NaN ## [Harland Williams, Isaac Brown, Jessica DiCicco, Sam Lavagnino, Leslie Baker, Tara Strong] ## United States, India ## June 11, 2021 ## 2016 ## TV-G ## 4 Seasons ## [Animation, Kids] ##
s1100 ## Sacred Planet ## Movie ## Jon Long ## [Robert Redford, Arapata McKay, Tsaan Ciqae, Mae Tui, Cy Peck Jr., Mutang Urud] ## Canada, Malaysia, United States ## November 12, 2019 ## 2004 ## G ## 47 min ## [Animals & Nature, Documentary, Family] ##
s698 ## Camp Rock ## Movie ## Matthew Diamond ## [Demi Lovato, Joe Jonas, Meaghan Martin, Maria Canals-Barrera, Alyson Stoner, Julie Brown] ## United States ## November 12, 2019 ## 2008 ## TV-G ## 96 min ## [Coming of Age, Music, Musical] ##
s1016 ## Mom's Got a Date With a Vampire ## Movie ## Stephen Boyum ## [Matthew O'Leary, Laura Vandervoort, Myles Jeffrey, Caroline Rhea, Charles Shaughnessy, Robert Carradine] ## Canada, United States ## November 12, 2019 ## 2000 ## TV-PG ## 83 min ## [Comedy, Fantasy] ##
s354 ## Jungle Animal Rescue ## TV Show ## NaN ## [Dan Nachtrab] ## United States ## August 14, 2020 ## 2019 ## TV-PG ## 1 Season ## [Animals & Nature, Docuseries, Family] ##
s206 ## Dog With a Blog ## TV Show ## NaN ## [G Hannelius, Blake Michael, Francesca Capaldi, Stephen Full, Regan Burns, Beth Littleford] ## United States ## February 26, 2021 ## 2012 ## TV-G ## 3 Seasons ## [Comedy, Fantasy] ##
s34 ## Underdog ## Movie ## Frederik Du Chau ## [Jason Lee, Amy Adams, Jim Belushi, Peter Dinklage, Patrick Warburton, Alex Neuberger] ## United States ## August 27, 2021 ## 2007 ## PG ## 85 min ## [Action-Adventure, Family, Parody] ##
s801 ## Eddie's Million Dollar Cook-off ## Movie ## Paul Hoen ## [Taylor Ball, Orlando Brown, Reiley McClendon, Mark Taylor, Rose McIver, Kylie Leydon] ## United States ## November 12, 2019 ## 2003 ## TV-G ## 86 min ## [Comedy, Coming of Age, Sports] ##
s400 ## Solo: A Star Wars Story ## Movie ## Ron Howard ## [Alden Ehrenreich, Woody Harrelson, Emilia Clarke, Donald Glover, Thandie Newton, Phoebe Waller-Bridge] ## United States ## July 10, 2020 ## 2018 ## PG-13 ## 135 min ## [Action-Adventure, Crime, Science Fiction] ##
s429 ## The Story of the Animated Drawing ## Movie ## Wilfred Jackson, William Beaudine ## [NaN] ## United States ## June 12, 2020 ## 1955 ## TV-PG ## 49 min ## [Documentary, Family] ##
s1049 ## Peter Pan: Return to Never Land ## Movie ## Robin Budd ## [Harriet Owen, Blayne Weaver, Corey Burton, Jeff Bennett, Kath Soucie, Andrew McDonough] ## United States, Canada, Australia ## November 12, 2019 ## 2002 ## G ## 77 min ## [Action-Adventure, Animation, Family] ##
s425 ## Tummy Trouble ## Movie ## Frank Marshall, Rob Minkoff ## [Charles Fleischer, April Winchell, Lou Hirsch, Corey Burton, Richard Williams, Kathleen Turner] ## United States ## June 19, 2020 ## 1989 ## TV-G ## 8 min ## [Action-Adventure, Animation, Comedy] ##
s5 ## Spidey And His Amazing Friends ## TV Show ## NaN ## [Benjamin Valic, Lily Sanfelippo, Jakari Fraser, Dee Bradley Baker, Melanie Minichino] ## United States ## September 22, 2021 ## 2021 ## TV-Y ## 1 Season ## [Action-Adventure, Animation, Kids] ##
s1046 ## Perri ## Movie ## N. Paul Kenworthy, Ralph Wright ## [Winston Hibler] ## United States ## November 12, 2019 ## 1957 ## G ## 75 min ## [Animals & Nature, Documentary, Family] ##
s888 ## Inside Out ## Movie ## Pete Docter ## [Amy Poehler, Phyllis Smith, Richard Kind, Bill Hader, Lewis Black, Mindy Kaling] ## United States ## November 12, 2019 ## 2015 ## PG ## 95 min ## [Animation, Coming of Age, Family] ##
s993 ## Meet the Deedles ## Movie ## Steve Boyum ## [Paul Walker, Steve Wormer, John Ashton, A.J. Langer, Robert Englund, Megan Cavanagh] ## United States ## November 12, 2019 ## 1998 ## PG ## 94 min ## [Buddy, Comedy] ##
s280 ## Planes: Fire & Rescue ## Movie ## Bobs Gannaway ## [Dane Cook, Ed Harris, Julie Bowen, Curtis Armstrong, John Higgins, Hal Holbrook] ## United States ## November 20, 2020 ## 2014 ## PG ## 85 min ## [Action-Adventure, Animation, Comedy] ##
s982 ## Marvel's Ant-Man (Shorts) ## TV Show ## NaN ## [NaN] ## United States ## November 12, 2019 ## 2016 ## TV-Y7 ## 1 Season ## [Action-Adventure, Animation, Comedy] ##
s392 ## Disney Junior Music Lullabies ## TV Show ## NaN ## [NaN] ##  ## July 17, 2020 ## 2018 ## TV-Y ## 1 Season ## [Animation, Kids, Music] ##
s824 ## Forky Asks a Question: What is Money? ## Movie ## Bob Peterson ## [Tony Hale, John Ratzenberger, Bob Peterson] ## United States ## November 12, 2019 ## 2019 ## TV-G ## 6 min ## [Animation, Comedy, Family] ##
s492 ## Tut's Treasures: Hidden Secrets ## TV Show ## NaN ## [Mark Bazeley] ## United Kingdom ## April 10, 2020 ## 2018 ## TV-PG ## 1 Season ## [Docuseries, Historical] ##
s1173 ## The Apple Dumpling Gang ## Movie ## Norman Tokar ## [Bill Bixby, Susan Clark, Don Knotts, Tim Conway, David Wayne, Slim Pickens] ## United States ## November 12, 2019 ## 1975 ## G ## 100 min ## [Comedy, Family, Western] ##
s624 ## Supercar Megabuild ## TV Show ## NaN ## [Dom Joly] ## United States ## December 1, 2019 ## 2016 ## TV-PG ## 2 Seasons ## [Buddy, Docuseries, Lifestyle] ##
s58 ## Chip 'n' Dale: Park Life ## TV Show ## NaN ## [Matthew Géczy, Kaycie Chase, Bill Farmer, Sylvain Caruso] ##  ## July 28, 2021 ## 2021 ## TV-Y7 ## 1 Season ## [Animation, Buddy, Comedy] ##
s43 ## X-Men ## Movie ## Bryan Singer ## [Patrick Stewart, Hugh Jackman, Ian McKellen, Halle Berry, Famke Janssen, James Marsden] ## United States ## August 13, 2021 ## 2000 ## PG-13 ## 105 min ## [Action-Adventure, Family, Science Fiction] ##
s1076 ## Quack Pack ## TV Show ## NaN ## [Tony Anselmo, James Avery, Brian Cummings, E.G. Daily, Jeannie Elias, Pamela Segall] ## United States ## November 12, 2019 ## 1996 ## TV-Y ## 1 Season ## [Action-Adventure, Animation, Comedy] ##
s493 ## A Tale of Two Critters ## Movie ## Jack Speirs ## [Mayf Nutter] ## United States ## April 3, 2020 ## 1977 ## G ## 48 min ## [Animals & Nature, Family] ##
s1176 ## The Art of Skiing ## Movie ## Jack Kinney ## [John McLeish] ## United States ## November 12, 2019 ## 1941 ## TV-G ## 8 min ## [Animation, Comedy, Family] ##
s1166 ## The Absent-Minded Professor ## Movie ## Robert Stevenson ## [Fred MacMurray, Nancy Olson, Keenan Wynn, Tommy Kirk, Leon Ames, Elliott Reid] ## United States ## November 12, 2019 ## 1961 ## G ## 96 min ## [Comedy, Family, Science Fiction] ##
s103 ## The Mysterious Benedict Society ## TV Show ## NaN ## [Tony Hale, Kristen Schaal, Mystic Inscho, Seth Carr, Marta Kessler, Emmy DeOliveira] ## United States ## June 25, 2021 ## 2021 ## TV-PG ## 1 Season ## [Action-Adventure, Family] ##
